2025-07-29 09:17:59 - __main__ - INFO - <module>:38 - 트렌드 기업 정보 저장 완료: 프라이버시 필름: 20
2025-07-29 09:23:04 - __main__ - INFO - <module>:33 - 23:트렌드 기업 정보 조회 시작
2025-07-29 09:23:16 - __main__ - INFO - <module>:33 - 23:스마트밴드트렌드 기업 정보 조회 시작
2025-07-29 09:23:54 - __main__ - INFO - <module>:33 - 17:젠더트렌드 기업 정보 조회 시작
2025-07-29 09:24:09 - __main__ - INFO - <module>:33 - 18:네트워크트렌드 기업 정보 조회 시작
2025-07-29 09:25:23 - __main__ - INFO - <module>:41 - 트렌드 기업 정보 저장 완료: 네트워크: 18
2025-07-29 09:25:33 - __main__ - INFO - <module>:33 - 27:태블릿PC트렌드 기업 정보 조회 시작
2025-07-29 09:27:13 - __main__ - INFO - <module>:41 - 트렌드 기업 정보 저장 완료: 태블릿PC: 27
2025-07-29 09:27:23 - __main__ - INFO - <module>:33 - 48:손난로트렌드 기업 정보 조회 시작
2025-07-29 10:41:39 - __main__ - INFO - <module>:33 - 48:손난로트렌드 기업 정보 조회 시작
2025-07-29 10:42:06 - __main__ - ERROR - <module>:44 - 48:트렌드 기업 정보 오류 발생: Expecting value: line 1 column 1 (char 0)
2025-07-29 10:42:06 - __main__ - INFO - <module>:33 - 82:액션캠트렌드 기업 정보 조회 시작
2025-07-29 10:42:52 - save_to_excel - ERROR - save_to_excel:26 - 트렌드 기업 정보 저장 중 오류 발생: 'NoneType' object is not subscriptable
2025-07-29 10:42:53 - __main__ - INFO - <module>:41 - 트렌드 기업 정보 저장 완료: 액션캠: 82
2025-07-29 10:43:03 - __main__ - INFO - <module>:33 - 120:와플메이커트렌드 기업 정보 조회 시작
2025-07-29 10:43:48 - __main__ - INFO - <module>:41 - 트렌드 기업 정보 저장 완료: 와플메이커: 120
2025-07-29 10:43:58 - __main__ - INFO - <module>:33 - 123:약탕기트렌드 기업 정보 조회 시작
2025-07-29 10:44:33 - __main__ - INFO - <module>:41 - 트렌드 기업 정보 저장 완료: 약탕기: 123
2025-07-29 10:44:43 - __main__ - INFO - <module>:33 - 124:가정용 솜사탕기계트렌드 기업 정보 조회 시작
2025-07-29 10:45:28 - __main__ - INFO - <module>:41 - 트렌드 기업 정보 저장 완료: 가정용 솜사탕기계: 124
2025-07-29 10:45:38 - __main__ - INFO - <module>:33 - 132:발효 전문 용기트렌드 기업 정보 조회 시작
2025-07-29 10:46:34 - __main__ - INFO - <module>:41 - 트렌드 기업 정보 저장 완료: 발효 전문 용기: 132
2025-07-29 10:46:44 - __main__ - INFO - <module>:33 - 137:커피 그라인더트렌드 기업 정보 조회 시작
2025-07-29 10:48:29 - __main__ - INFO - <module>:41 - 트렌드 기업 정보 저장 완료: 커피 그라인더: 137
2025-07-29 10:48:39 - __main__ - INFO - <module>:33 - 142:제빙기트렌드 기업 정보 조회 시작
2025-07-29 10:49:10 - __main__ - ERROR - <module>:44 - 142:트렌드 기업 정보 오류 발생: Expecting value: line 1 column 1 (char 0)
2025-07-29 10:49:10 - __main__ - INFO - <module>:33 - 149:스마트 데스크매트트렌드 기업 정보 조회 시작
2025-07-29 10:50:38 - save_to_excel - ERROR - save_to_excel:26 - 트렌드 기업 정보 저장 중 오류 발생: 'NoneType' object is not subscriptable
2025-07-29 10:50:39 - __main__ - INFO - <module>:41 - 트렌드 기업 정보 저장 완료: 스마트 데스크매트: 149
2025-07-29 10:50:49 - __main__ - INFO - <module>:33 - 152:앨범트렌드 기업 정보 조회 시작
2025-07-29 10:51:28 - __main__ - ERROR - <module>:44 - 152:트렌드 기업 정보 오류 발생: Expecting value: line 1 column 1 (char 0)
2025-07-29 10:51:28 - __main__ - INFO - <module>:33 - 156:마스킹 테이프트렌드 기업 정보 조회 시작
2025-07-29 10:52:09 - __main__ - INFO - <module>:41 - 트렌드 기업 정보 저장 완료: 마스킹 테이프: 156
2025-07-29 10:52:19 - __main__ - INFO - <module>:33 - 172:책상매트트렌드 기업 정보 조회 시작
2025-07-29 11:01:38 - __main__ - INFO - <module>:41 - 트렌드 기업 정보 저장 완료: 책상매트: 172
2025-07-29 11:01:49 - __main__ - INFO - <module>:33 - 180:클립트렌드 기업 정보 조회 시작
2025-07-29 11:03:15 - __main__ - INFO - <module>:41 - 트렌드 기업 정보 저장 완료: 클립: 180
2025-07-29 11:03:25 - __main__ - INFO - <module>:33 - 182:색지트렌드 기업 정보 조회 시작
2025-07-29 11:05:06 - __main__ - INFO - <module>:41 - 트렌드 기업 정보 저장 완료: 색지: 182
2025-07-29 11:05:16 - __main__ - INFO - <module>:33 - 185:스테이플 리무버트렌드 기업 정보 조회 시작
2025-07-29 11:06:00 - __main__ - INFO - <module>:41 - 트렌드 기업 정보 저장 완료: 스테이플 리무버: 185
2025-07-29 11:06:10 - __main__ - INFO - <module>:33 - 209:헤어소품트렌드 기업 정보 조회 시작
2025-07-29 11:07:17 - __main__ - INFO - <module>:41 - 트렌드 기업 정보 저장 완료: 헤어소품: 209
2025-07-29 11:07:27 - __main__ - INFO - <module>:33 - 211:네일케어도구트렌드 기업 정보 조회 시작
2025-07-29 11:08:40 - __main__ - INFO - <module>:41 - 트렌드 기업 정보 저장 완료: 네일케어도구: 211
2025-07-29 11:08:50 - __main__ - INFO - <module>:33 - 215:남성향수트렌드 기업 정보 조회 시작
2025-07-29 11:09:28 - __main__ - ERROR - <module>:44 - 215:트렌드 기업 정보 오류 발생: Expecting value: line 1 column 1 (char 0)
2025-07-29 11:09:28 - __main__ - INFO - <module>:33 - 230:염색약트렌드 기업 정보 조회 시작
2025-07-29 11:10:00 - __main__ - INFO - <module>:41 - 트렌드 기업 정보 저장 완료: 염색약: 230
2025-07-29 11:10:10 - __main__ - INFO - <module>:33 - 238:파마약트렌드 기업 정보 조회 시작
2025-07-29 11:11:17 - __main__ - INFO - <module>:41 - 트렌드 기업 정보 저장 완료: 파마약: 238
2025-07-29 11:11:27 - __main__ - INFO - <module>:33 - 243:클렌징 시트트렌드 기업 정보 조회 시작
2025-07-29 11:12:29 - __main__ - INFO - <module>:41 - 트렌드 기업 정보 저장 완료: 클렌징 시트: 243
2025-07-29 11:12:39 - __main__ - INFO - <module>:33 - 254:가발 소매업트렌드 기업 정보 조회 시작
2025-07-29 11:13:27 - __main__ - INFO - <module>:41 - 트렌드 기업 정보 저장 완료: 가발 소매업: 254
2025-07-29 11:13:37 - __main__ - INFO - <module>:33 - 258:소독, 구충, 방제 서비스업트렌드 기업 정보 조회 시작
2025-07-29 11:14:12 - __main__ - ERROR - <module>:44 - 258:트렌드 기업 정보 오류 발생: Expecting value: line 1 column 1 (char 0)
2025-07-29 11:14:12 - __main__ - INFO - <module>:33 - 267:사다리트렌드 기업 정보 조회 시작
2025-07-29 11:14:51 - __main__ - INFO - <module>:41 - 트렌드 기업 정보 저장 완료: 사다리: 267
2025-07-29 11:15:01 - __main__ - INFO - <module>:33 - 282:페인트 스프레이건트렌드 기업 정보 조회 시작
2025-07-29 11:16:26 - __main__ - INFO - <module>:41 - 트렌드 기업 정보 저장 완료: 페인트 스프레이건: 282
2025-07-29 11:16:36 - __main__ - INFO - <module>:33 - 298:성인용품트렌드 기업 정보 조회 시작
2025-07-29 11:17:31 - __main__ - INFO - <module>:41 - 트렌드 기업 정보 저장 완료: 성인용품: 298
2025-07-29 11:17:41 - __main__ - INFO - <module>:33 - 309:깃발트렌드 기업 정보 조회 시작
2025-07-29 11:18:11 - __main__ - ERROR - <module>:44 - 309:트렌드 기업 정보 오류 발생: Expecting value: line 1 column 1 (char 0)
2025-07-29 11:18:11 - __main__ - INFO - <module>:33 - 310:방한용품트렌드 기업 정보 조회 시작
2025-07-29 11:19:01 - __main__ - INFO - <module>:41 - 트렌드 기업 정보 저장 완료: 방한용품: 310
2025-07-29 11:19:11 - __main__ - INFO - <module>:33 - 315:방음슬리퍼트렌드 기업 정보 조회 시작
2025-07-29 11:19:36 - __main__ - INFO - <module>:41 - 트렌드 기업 정보 저장 완료: 방음슬리퍼: 315
2025-07-29 11:19:46 - __main__ - INFO - <module>:33 - 330:다목적 옷걸이트렌드 기업 정보 조회 시작
2025-07-29 11:20:18 - __main__ - ERROR - <module>:44 - 330:트렌드 기업 정보 오류 발생: Expecting value: line 1 column 1 (char 0)
2025-07-29 11:20:18 - __main__ - INFO - <module>:33 - 331:보풀 복원기트렌드 기업 정보 조회 시작
2025-07-29 11:20:58 - __main__ - INFO - <module>:41 - 트렌드 기업 정보 저장 완료: 보풀 복원기: 331
2025-07-29 11:21:08 - __main__ - INFO - <module>:33 - 336:빨래건조대트렌드 기업 정보 조회 시작
2025-07-29 11:21:43 - __main__ - ERROR - <module>:44 - 336:트렌드 기업 정보 오류 발생: Expecting value: line 1 column 1 (char 0)
2025-07-29 11:21:43 - __main__ - INFO - <module>:33 - 338:양치컵 자동 살균기트렌드 기업 정보 조회 시작
2025-07-29 11:22:57 - __main__ - ERROR - <module>:44 - 338:트렌드 기업 정보 오류 발생: Expecting value: line 1 column 1 (char 0)
2025-07-29 11:22:57 - __main__ - INFO - <module>:33 - 340:초소형 벽걸이 세탁기트렌드 기업 정보 조회 시작
2025-07-29 11:23:37 - __main__ - INFO - <module>:41 - 트렌드 기업 정보 저장 완료: 초소형 벽걸이 세탁기: 340
2025-07-29 11:23:47 - __main__ - INFO - <module>:33 - 341:배수구 필터트렌드 기업 정보 조회 시작
2025-07-29 11:24:26 - __main__ - ERROR - <module>:44 - 341:트렌드 기업 정보 오류 발생: Expecting value: line 1 column 1 (char 0)
2025-07-29 11:24:26 - __main__ - INFO - <module>:33 - 348:서랍장트렌드 기업 정보 조회 시작
2025-07-29 11:26:08 - __main__ - INFO - <module>:41 - 트렌드 기업 정보 저장 완료: 서랍장: 348
2025-07-29 11:26:18 - __main__ - INFO - <module>:33 - 358:구급차 추적 서비스트렌드 기업 정보 조회 시작
2025-07-29 11:26:52 - __main__ - INFO - <module>:41 - 트렌드 기업 정보 저장 완료: 구급차 추적 서비스: 358
2025-07-29 11:27:02 - __main__ - INFO - <module>:33 - 368:목욕용품트렌드 기업 정보 조회 시작
2025-07-29 11:27:46 - __main__ - INFO - <module>:41 - 트렌드 기업 정보 저장 완료: 목욕용품: 368
2025-07-29 11:27:56 - __main__ - INFO - <module>:33 - 372:세면대트렌드 기업 정보 조회 시작
2025-07-29 11:28:17 - __main__ - ERROR - <module>:44 - 372:트렌드 기업 정보 오류 발생: Expecting value: line 1 column 1 (char 0)
2025-07-29 11:28:17 - __main__ - INFO - <module>:33 - 385:물티슈 케이스트렌드 기업 정보 조회 시작
2025-07-29 11:29:03 - __main__ - INFO - <module>:41 - 트렌드 기업 정보 저장 완료: 물티슈 케이스: 385
2025-07-29 11:29:13 - __main__ - INFO - <module>:33 - 386:손 세정기트렌드 기업 정보 조회 시작
2025-07-29 11:29:44 - __main__ - ERROR - <module>:44 - 386:트렌드 기업 정보 오류 발생: Expecting value: line 1 column 1 (char 0)
2025-07-29 11:29:44 - __main__ - INFO - <module>:33 - 387:비데용품트렌드 기업 정보 조회 시작
2025-07-29 11:30:50 - __main__ - INFO - <module>:41 - 트렌드 기업 정보 저장 완료: 비데용품: 387
2025-07-29 11:31:00 - __main__ - INFO - <module>:33 - 398:면도크림, 젤트렌드 기업 정보 조회 시작
2025-07-29 11:31:52 - __main__ - ERROR - <module>:44 - 398:트렌드 기업 정보 오류 발생: Expecting value: line 1 column 1 (char 0)
2025-07-29 11:31:52 - __main__ - INFO - <module>:33 - 427:방문 판매업트렌드 기업 정보 조회 시작
2025-07-29 11:32:48 - __main__ - INFO - <module>:41 - 트렌드 기업 정보 저장 완료: 방문 판매업: 427
2025-07-29 11:32:58 - __main__ - INFO - <module>:33 - 443:셀프 빨래방트렌드 기업 정보 조회 시작
2025-07-29 11:34:10 - __main__ - INFO - <module>:41 - 트렌드 기업 정보 저장 완료: 셀프 빨래방: 443
2025-07-29 11:34:20 - __main__ - INFO - <module>:33 - 447:당구장트렌드 기업 정보 조회 시작
2025-07-29 11:35:20 - __main__ - INFO - <module>:41 - 트렌드 기업 정보 저장 완료: 당구장: 447
2025-07-29 11:35:30 - __main__ - INFO - <module>:33 - 453:볼링장트렌드 기업 정보 조회 시작
2025-07-29 11:36:31 - __main__ - INFO - <module>:41 - 트렌드 기업 정보 저장 완료: 볼링장: 453
2025-07-29 11:36:41 - __main__ - INFO - <module>:33 - 454:댄스학원트렌드 기업 정보 조회 시작
2025-07-29 11:37:11 - __main__ - ERROR - <module>:44 - 454:트렌드 기업 정보 오류 발생: Expecting value: line 1 column 1 (char 0)
2025-07-29 11:37:11 - __main__ - INFO - <module>:33 - 502:AI 셀프카트트렌드 기업 정보 조회 시작
2025-07-29 11:38:25 - __main__ - INFO - <module>:41 - 트렌드 기업 정보 저장 완료: AI 셀프카트: 502
2025-07-29 11:38:35 - __main__ - INFO - <module>:33 - 510:아쿠아슈즈트렌드 기업 정보 조회 시작
2025-07-29 11:39:47 - __main__ - INFO - <module>:41 - 트렌드 기업 정보 저장 완료: 아쿠아슈즈: 510
2025-07-29 11:39:57 - __main__ - INFO - <module>:33 - 512:방수 클러치트렌드 기업 정보 조회 시작
2025-07-29 11:40:55 - __main__ - INFO - <module>:41 - 트렌드 기업 정보 저장 완료: 방수 클러치: 512
2025-07-29 11:41:05 - __main__ - INFO - <module>:33 - 513:수상스키트렌드 기업 정보 조회 시작
2025-07-29 11:41:45 - __main__ - INFO - <module>:41 - 트렌드 기업 정보 저장 완료: 수상스키: 513
2025-07-29 11:41:55 - __main__ - INFO - <module>:33 - 521:스키/보드 용품트렌드 기업 정보 조회 시작
2025-07-29 11:43:49 - __main__ - INFO - <module>:41 - 트렌드 기업 정보 저장 완료: 스키/보드 용품: 521
2025-07-29 11:43:59 - __main__ - INFO - <module>:33 - 549:냉면, 국수 전문점트렌드 기업 정보 조회 시작
2025-07-29 11:44:29 - __main__ - INFO - <module>:41 - 트렌드 기업 정보 저장 완료: 냉면, 국수 전문점: 549
2025-07-29 11:44:39 - __main__ - INFO - <module>:33 - 556:냉동식품트렌드 기업 정보 조회 시작
2025-07-29 11:46:08 - __main__ - INFO - <module>:41 - 트렌드 기업 정보 저장 완료: 냉동식품: 556
2025-07-29 11:46:18 - __main__ - INFO - <module>:33 - 560:초밥 전문점트렌드 기업 정보 조회 시작
2025-07-29 11:47:36 - __main__ - INFO - <module>:41 - 트렌드 기업 정보 저장 완료: 초밥 전문점: 560
2025-07-29 11:47:46 - __main__ - INFO - <module>:33 - 563:돈까스 전문점트렌드 기업 정보 조회 시작
2025-07-29 11:49:12 - __main__ - INFO - <module>:41 - 트렌드 기업 정보 저장 완료: 돈까스 전문점: 563
2025-07-29 11:49:22 - __main__ - INFO - <module>:33 - 592:고기 전문점트렌드 기업 정보 조회 시작
2025-07-29 11:50:39 - __main__ - INFO - <module>:41 - 트렌드 기업 정보 저장 완료: 고기 전문점: 592
2025-07-29 11:50:49 - __main__ - INFO - <module>:33 - 601:건조과일 전문점트렌드 기업 정보 조회 시작
2025-07-29 11:51:38 - __main__ - INFO - <module>:41 - 트렌드 기업 정보 저장 완료: 건조과일 전문점: 601
2025-07-29 11:51:48 - __main__ - INFO - <module>:33 - 618:캐러멜트렌드 기업 정보 조회 시작
2025-07-29 11:52:07 - __main__ - ERROR - <module>:44 - 618:트렌드 기업 정보 오류 발생: Expecting value: line 1 column 1 (char 0)
2025-07-29 11:52:07 - __main__ - INFO - <module>:33 - 638:전통차트렌드 기업 정보 조회 시작
2025-07-29 11:52:42 - __main__ - INFO - <module>:41 - 트렌드 기업 정보 저장 완료: 전통차: 638
2025-07-29 11:52:52 - __main__ - INFO - <module>:33 - 639:우유 소매업트렌드 기업 정보 조회 시작
2025-07-29 11:54:25 - __main__ - INFO - <module>:41 - 트렌드 기업 정보 저장 완료: 우유 소매업: 639
2025-07-29 11:54:35 - __main__ - INFO - <module>:33 - 642:젤라또트렌드 기업 정보 조회 시작
2025-07-29 11:55:39 - __main__ - INFO - <module>:41 - 트렌드 기업 정보 저장 완료: 젤라또: 642
2025-07-29 11:55:49 - __main__ - INFO - <module>:33 - 656:클라이밍트렌드 기업 정보 조회 시작
2025-07-29 11:56:25 - __main__ - INFO - <module>:41 - 트렌드 기업 정보 저장 완료: 클라이밍: 656
2025-07-29 11:56:35 - __main__ - INFO - <module>:33 - 664:롤러슈즈트렌드 기업 정보 조회 시작
