2025-07-28 20:24:34 - __main__ - INFO - <module>:24 - 트렌드 기업 정보 저장 완료: 스마트 허브: 1
2025-07-28 20:27:36 - __main__ - INFO - <module>:24 - 트렌드 기업 정보 저장 완료: 공유기: 2
2025-07-28 20:30:14 - __main__ - INFO - <module>:24 - 트렌드 기업 정보 저장 완료: 노트북: 3
2025-07-28 20:33:16 - __main__ - INFO - <module>:24 - 트렌드 기업 정보 저장 완료: 마우스: 4
2025-07-28 20:35:58 - __main__ - INFO - <module>:24 - 트렌드 기업 정보 저장 완료: 일반 모니터: 5
2025-07-28 20:38:50 - __main__ - INFO - <module>:24 - 트렌드 기업 정보 저장 완료: 소프트웨어: 6
2025-07-28 20:41:19 - __main__ - INFO - <module>:24 - 트렌드 기업 정보 저장 완료: 노트북 쿨러거치대: 7
2025-07-28 20:43:26 - __main__ - INFO - <module>:24 - 트렌드 기업 정보 저장 완료: 웹캠: 8
2025-07-28 20:46:11 - __main__ - INFO - <module>:24 - 트렌드 기업 정보 저장 완료: 외장하드: 9
2025-07-28 20:50:01 - __main__ - INFO - <module>:24 - 트렌드 기업 정보 저장 완료: 이북리더기: 10
2025-07-28 20:52:24 - __main__ - INFO - <module>:24 - 트렌드 기업 정보 저장 완료: 조립PC: 11
2025-07-28 20:55:10 - __main__ - INFO - <module>:24 - 트렌드 기업 정보 저장 완료: 키보드: 12
2025-07-28 20:58:18 - __main__ - INFO - <module>:24 - 트렌드 기업 정보 저장 완료: 프린터: 13
2025-07-28 21:01:03 - __main__ - INFO - <module>:24 - 트렌드 기업 정보 저장 완료: 마이크: 14
2025-07-28 21:04:08 - __main__ - INFO - <module>:24 - 트렌드 기업 정보 저장 완료: 헤드셋: 15
2025-07-28 21:07:20 - __main__ - INFO - <module>:24 - 트렌드 기업 정보 저장 완료: 케이블: 16
2025-07-28 21:09:40 - __main__ - INFO - <module>:24 - 트렌드 기업 정보 저장 완료: 젠더: 17
2025-07-28 21:11:52 - gemini_api - ERROR - parse_trend_companies_with_gemini:197 - 트렌드 기업 데이터 파싱 중 오류 발생: Expecting value: line 1 column 1 (char 0)
2025-07-28 21:11:52 - save_to_excel - ERROR - save_to_excel:26 - 트렌드 기업 정보 저장 중 오류 발생: 'NoneType' object is not subscriptable
2025-07-28 21:11:53 - __main__ - INFO - <module>:24 - 트렌드 기업 정보 저장 완료: 네트워크: 18
2025-07-28 21:14:37 - __main__ - INFO - <module>:24 - 트렌드 기업 정보 저장 완료: 와이드 모니터: 19
2025-07-28 21:17:12 - __main__ - INFO - <module>:24 - 트렌드 기업 정보 저장 완료: 프라이버시 필름: 20
2025-07-28 21:19:43 - __main__ - INFO - <module>:24 - 트렌드 기업 정보 저장 완료: AI스피커: 21
2025-07-28 21:22:17 - __main__ - INFO - <module>:24 - 트렌드 기업 정보 저장 완료: 게임기: 22
2025-07-28 21:25:28 - __main__ - INFO - <module>:24 - 트렌드 기업 정보 저장 완료: 스마트밴드: 23
2025-07-28 21:28:41 - __main__ - INFO - <module>:24 - 트렌드 기업 정보 저장 완료: 스마트워치: 24
2025-07-28 21:31:31 - __main__ - INFO - <module>:24 - 트렌드 기업 정보 저장 완료: VR 기기: 25
2025-07-28 21:34:20 - __main__ - INFO - <module>:24 - 트렌드 기업 정보 저장 완료: 콘솔: 26
2025-07-28 21:37:21 - __main__ - INFO - <module>:24 - 트렌드 기업 정보 저장 완료: 태블릿PC: 27
2025-07-28 21:40:18 - __main__ - INFO - <module>:24 - 트렌드 기업 정보 저장 완료: 휴대폰: 28
2025-07-28 21:43:09 - __main__ - INFO - <module>:24 - 트렌드 기업 정보 저장 완료: AR 기기: 29
2025-07-28 21:46:09 - gemini_api - ERROR - get_trend_companies_with_gemini:136 - API 호출 오류 발생: 500 INTERNAL. {'error': {'code': 500, 'message': 'An internal error has occurred. Please retry or report in https://developers.generativeai.google/guide/troubleshooting', 'status': 'INTERNAL'}}
2025-07-28 21:46:59 - __main__ - INFO - <module>:24 - 트렌드 기업 정보 저장 완료: 휴대용게임기: 30
2025-07-28 21:50:00 - __main__ - INFO - <module>:24 - 트렌드 기업 정보 저장 완료: 가습기: 31
2025-07-28 21:52:33 - __main__ - INFO - <module>:24 - 트렌드 기업 정보 저장 완료: 건조기: 32
2025-07-28 21:55:32 - gemini_api - ERROR - get_trend_companies_with_gemini:136 - API 호출 오류 발생: 500 INTERNAL. {'error': {'code': 500, 'message': 'An internal error has occurred. Please retry or report in https://developers.generativeai.google/guide/troubleshooting', 'status': 'INTERNAL'}}
2025-07-28 21:57:11 - __main__ - INFO - <module>:24 - 트렌드 기업 정보 저장 완료: 스마트 플러그: 33
2025-07-28 22:00:06 - __main__ - INFO - <module>:24 - 트렌드 기업 정보 저장 완료: 공기청정기: 34
2025-07-28 22:02:37 - __main__ - INFO - <module>:24 - 트렌드 기업 정보 저장 완료: 김치냉장고: 35
2025-07-28 22:05:58 - __main__ - INFO - <module>:24 - 트렌드 기업 정보 저장 완료: 휴대용 냉장고: 36
2025-07-28 22:08:29 - __main__ - INFO - <module>:24 - 트렌드 기업 정보 저장 완료: 요가 매트: 37
2025-07-28 22:10:32 - __main__ - INFO - <module>:24 - 트렌드 기업 정보 저장 완료: 창문형 에어컨: 38
2025-07-28 22:13:05 - __main__ - INFO - <module>:24 - 트렌드 기업 정보 저장 완료: 다리미: 39
2025-07-28 22:16:02 - __main__ - INFO - <module>:24 - 트렌드 기업 정보 저장 완료: 도어록: 40
2025-07-28 22:18:30 - __main__ - INFO - <module>:24 - 트렌드 기업 정보 저장 완료: 로봇청소기: 41
2025-07-28 22:21:57 - __main__ - INFO - <module>:24 - 트렌드 기업 정보 저장 완료: 벌레 스프레이: 42
2025-07-28 22:24:46 - __main__ - INFO - <module>:24 - 트렌드 기업 정보 저장 완료: 물걸레청소기: 43
2025-07-28 22:27:12 - __main__ - INFO - <module>:24 - 트렌드 기업 정보 저장 완료: 미니냉장고: 44
2025-07-28 22:29:59 - __main__ - INFO - <module>:24 - 트렌드 기업 정보 저장 완료: 서큘레이터: 45
2025-07-28 22:32:47 - __main__ - INFO - <module>:24 - 트렌드 기업 정보 저장 완료: 선풍기: 46
2025-07-28 22:35:39 - __main__ - INFO - <module>:24 - 트렌드 기업 정보 저장 완료: 세탁기: 47
2025-07-28 22:37:56 - gemini_api - ERROR - parse_trend_companies_with_gemini:197 - 트렌드 기업 데이터 파싱 중 오류 발생: Expecting value: line 1 column 1 (char 0)
2025-07-28 22:37:56 - save_to_excel - ERROR - save_to_excel:26 - 트렌드 기업 정보 저장 중 오류 발생: 'NoneType' object is not subscriptable
2025-07-28 22:37:57 - __main__ - INFO - <module>:24 - 트렌드 기업 정보 저장 완료: 손난로: 48
2025-07-28 22:41:24 - __main__ - INFO - <module>:24 - 트렌드 기업 정보 저장 완료: 쓰레기통: 49
2025-07-28 22:43:35 - __main__ - INFO - <module>:24 - 트렌드 기업 정보 저장 완료: 전기모기채: 50
2025-07-28 22:46:01 - __main__ - INFO - <module>:24 - 트렌드 기업 정보 저장 완료: 스팀청소기: 51
2025-07-28 22:48:54 - __main__ - INFO - <module>:24 - 트렌드 기업 정보 저장 완료: 신발건조기: 52
2025-07-28 22:52:11 - __main__ - INFO - <module>:24 - 트렌드 기업 정보 저장 완료: 이동식 에어컨: 53
2025-07-28 22:54:45 - __main__ - INFO - <module>:24 - 트렌드 기업 정보 저장 완료: 에어컨: 54
2025-07-28 22:57:16 - __main__ - INFO - <module>:24 - 트렌드 기업 정보 저장 완료: 온수기: 55
2025-07-28 23:00:09 - __main__ - INFO - <module>:24 - 트렌드 기업 정보 저장 완료: 의류관리기: 56
2025-07-28 23:02:58 - __main__ - INFO - <module>:24 - 트렌드 기업 정보 저장 완료: 일반냉장고: 57
2025-07-28 23:05:54 - __main__ - INFO - <module>:24 - 트렌드 기업 정보 저장 완료: 전기장판: 58
2025-07-28 23:09:25 - __main__ - INFO - <module>:24 - 트렌드 기업 정보 저장 완료: 반려로봇: 59
2025-07-28 23:12:13 - __main__ - INFO - <module>:24 - 트렌드 기업 정보 저장 완료: 제습기: 60
2025-07-28 23:15:07 - __main__ - INFO - <module>:24 - 트렌드 기업 정보 저장 완료: 진공청소기: 61
2025-07-28 23:17:45 - __main__ - INFO - <module>:24 - 트렌드 기업 정보 저장 완료: 차량청소기: 62
2025-07-28 23:20:22 - __main__ - INFO - <module>:24 - 트렌드 기업 정보 저장 완료: 음식물탈수기: 63
2025-07-28 23:23:08 - __main__ - INFO - <module>:24 - 트렌드 기업 정보 저장 완료: 필터, 여과지: 64
2025-07-28 23:25:37 - __main__ - INFO - <module>:24 - 트렌드 기업 정보 저장 완료: 핸디청소기: 65
2025-07-28 23:28:17 - __main__ - INFO - <module>:24 - 트렌드 기업 정보 저장 완료: 히터: 66
2025-07-28 23:31:56 - __main__ - INFO - <module>:24 - 트렌드 기업 정보 저장 완료: 에어워셔: 67
2025-07-28 23:34:56 - __main__ - INFO - <module>:24 - 트렌드 기업 정보 저장 완료: 탈수기: 68
2025-07-28 23:38:14 - __main__ - INFO - <module>:24 - 트렌드 기업 정보 저장 완료: 재봉틀: 69
2025-07-28 23:41:01 - __main__ - INFO - <module>:24 - 트렌드 기업 정보 저장 완료: 보풀제거기: 70
2025-07-28 23:44:08 - __main__ - INFO - <module>:24 - 트렌드 기업 정보 저장 완료: AI 비서: 71
2025-07-28 23:46:22 - __main__ - INFO - <module>:24 - 트렌드 기업 정보 저장 완료: 손 선풍기: 72
2025-07-28 23:49:24 - __main__ - INFO - <module>:24 - 트렌드 기업 정보 저장 완료: 무전기: 73
2025-07-28 23:52:30 - __main__ - INFO - <module>:24 - 트렌드 기업 정보 저장 완료: 온풍기: 74
2025-07-28 23:55:06 - __main__ - INFO - <module>:24 - 트렌드 기업 정보 저장 완료: 방송용품: 75
2025-07-28 23:57:30 - __main__ - INFO - <module>:24 - 트렌드 기업 정보 저장 완료: nan: 76
