2025-07-12 04:07:02 - __main__ - INFO - <module>:24 - 트렌드 기업 정보 저장 완료: 클렌징폼: 240
2025-07-12 04:09:01 - __main__ - INFO - <module>:24 - 트렌드 기업 정보 저장 완료: 클렌징오일: 241
2025-07-12 04:11:01 - __main__ - INFO - <module>:24 - 트렌드 기업 정보 저장 완료: 클렌징워터: 242
2025-07-12 04:13:08 - __main__ - INFO - <module>:24 - 트렌드 기업 정보 저장 완료: 클렌징 시트: 243
2025-07-12 04:15:11 - __main__ - INFO - <module>:24 - 트렌드 기업 정보 저장 완료: 건강관리용품: 244
2025-07-12 04:17:11 - __main__ - INFO - <module>:24 - 트렌드 기업 정보 저장 완료: 스마트 체온조절 이불: 245
2025-07-12 04:19:09 - __main__ - INFO - <module>:24 - 트렌드 기업 정보 저장 완료: 복약 알림기: 246
2025-07-12 04:21:10 - __main__ - INFO - <module>:24 - 트렌드 기업 정보 저장 완료: 혈압계: 247
2025-07-12 04:23:16 - __main__ - INFO - <module>:24 - 트렌드 기업 정보 저장 완료: 마사지용품: 248
2025-07-12 04:25:20 - __main__ - INFO - <module>:24 - 트렌드 기업 정보 저장 완료: 마스크: 249
2025-07-12 04:27:24 - __main__ - INFO - <module>:24 - 트렌드 기업 정보 저장 완료: 의료기기 소매업: 250
2025-07-12 04:29:32 - __main__ - INFO - <module>:24 - 트렌드 기업 정보 저장 완료: 웨어러블 헬스케어기기: 251
2025-07-12 04:31:33 - __main__ - INFO - <module>:24 - 트렌드 기업 정보 저장 완료: 무통 주사 패치: 252
2025-07-12 04:33:47 - __main__ - INFO - <module>:24 - 트렌드 기업 정보 저장 완료: 자세교정 기구: 253
2025-07-12 04:35:47 - __main__ - INFO - <module>:24 - 트렌드 기업 정보 저장 완료: 가발 소매업: 254
2025-07-12 04:38:04 - __main__ - INFO - <module>:24 - 트렌드 기업 정보 저장 완료: 이비인후과 의원: 255
2025-07-12 04:40:12 - __main__ - INFO - <module>:24 - 트렌드 기업 정보 저장 완료: 알러지 스티커: 256
2025-07-12 04:42:27 - __main__ - INFO - <module>:24 - 트렌드 기업 정보 저장 완료: 활동보조 기구: 257
2025-07-12 04:44:27 - __main__ - INFO - <module>:24 - 트렌드 기업 정보 저장 완료: 소독, 구충, 방제 서비스업: 258
2025-07-12 04:46:31 - __main__ - INFO - <module>:24 - 트렌드 기업 정보 저장 완료: 반려동물용품: 259
2025-07-12 04:48:32 - __main__ - INFO - <module>:24 - 트렌드 기업 정보 저장 완료: 보호대: 260
2025-07-12 04:50:47 - __main__ - INFO - <module>:24 - 트렌드 기업 정보 저장 완료: 수면케어(용품): 261
2025-07-12 04:52:48 - __main__ - INFO - <module>:24 - 트렌드 기업 정보 저장 완료: 찜질용품: 262
2025-07-12 04:54:43 - __main__ - INFO - <module>:24 - 트렌드 기업 정보 저장 완료: 건전지: 263
2025-07-12 04:56:52 - __main__ - INFO - <module>:24 - 트렌드 기업 정보 저장 완료: 멀티탭: 264
2025-07-12 04:58:52 - __main__ - INFO - <module>:24 - 트렌드 기업 정보 저장 완료: 스마트 측정기기: 265
2025-07-12 05:00:55 - __main__ - INFO - <module>:24 - 트렌드 기업 정보 저장 완료: 피난 유도등: 266
2025-07-12 05:03:02 - __main__ - INFO - <module>:24 - 트렌드 기업 정보 저장 완료: 사다리: 267
2025-07-12 05:05:04 - __main__ - INFO - <module>:24 - 트렌드 기업 정보 저장 완료: 수공구: 268
2025-07-12 05:07:12 - __main__ - INFO - <module>:24 - 트렌드 기업 정보 저장 완료: 전구: 269
2025-07-12 05:09:14 - __main__ - INFO - <module>:24 - 트렌드 기업 정보 저장 완료: 전기설비: 270
2025-07-12 05:11:15 - __main__ - INFO - <module>:24 - 트렌드 기업 정보 저장 완료: 기계요소 소재부품: 271
2025-07-12 05:13:21 - __main__ - INFO - <module>:24 - 트렌드 기업 정보 저장 완료: 전선정리용품: 272
2025-07-12 05:15:30 - __main__ - INFO - <module>:24 - 트렌드 기업 정보 저장 완료: 조명: 273
2025-07-12 05:17:51 - __main__ - INFO - <module>:24 - 트렌드 기업 정보 저장 완료: 건축자재 구독 서비스: 274
2025-07-12 05:20:00 - __main__ - INFO - <module>:24 - 트렌드 기업 정보 저장 완료: 보조배터리: 275
2025-07-12 05:22:12 - __main__ - INFO - <module>:24 - 트렌드 기업 정보 저장 완료: 연장선: 276
2025-07-12 05:24:20 - __main__ - INFO - <module>:24 - 트렌드 기업 정보 저장 완료: 에어공구: 277
2025-07-12 05:26:22 - __main__ - INFO - <module>:24 - 트렌드 기업 정보 저장 완료: 건축자재: 278
2025-07-12 05:28:24 - __main__ - INFO - <module>:24 - 트렌드 기업 정보 저장 완료: 운반용품: 279
2025-07-12 05:30:30 - __main__ - INFO - <module>:24 - 트렌드 기업 정보 저장 완료: 절단도구: 280
2025-07-12 05:32:31 - __main__ - INFO - <module>:24 - 트렌드 기업 정보 저장 완료: 단열재: 281
2025-07-12 05:34:36 - __main__ - INFO - <module>:24 - 트렌드 기업 정보 저장 완료: 페인트 스프레이건: 282
2025-07-12 05:36:52 - __main__ - INFO - <module>:24 - 트렌드 기업 정보 저장 완료: 무화학 코팅재: 283
2025-07-12 05:38:55 - __main__ - INFO - <module>:24 - 트렌드 기업 정보 저장 완료: 자물쇠: 284
2025-07-12 05:40:58 - __main__ - INFO - <module>:24 - 트렌드 기업 정보 저장 완료: 페인트도구: 285
2025-07-12 05:43:04 - __main__ - INFO - <module>:24 - 트렌드 기업 정보 저장 완료: 가정용 연료 소매업: 286
2025-07-12 05:45:07 - __main__ - INFO - <module>:24 - 트렌드 기업 정보 저장 완료: 목베개: 287
2025-07-12 05:47:14 - __main__ - INFO - <module>:24 - 트렌드 기업 정보 저장 완료: 접이식 우산: 288
2025-07-12 05:49:17 - __main__ - INFO - <module>:24 - 트렌드 기업 정보 저장 완료: 금연용품: 289
2025-07-12 05:51:16 - __main__ - INFO - <module>:24 - 트렌드 기업 정보 저장 완료: 기타생활용품: 290
2025-07-12 05:53:18 - __main__ - INFO - <module>:24 - 트렌드 기업 정보 저장 완료: 방음재: 291
2025-07-12 05:55:27 - __main__ - INFO - <module>:24 - 트렌드 기업 정보 저장 완료: 돗자리: 292
2025-07-12 05:57:31 - __main__ - INFO - <module>:24 - 트렌드 기업 정보 저장 완료: 그늘막 텐트: 293
2025-07-12 05:59:28 - __main__ - INFO - <module>:24 - 트렌드 기업 정보 저장 완료: 발판: 294
2025-07-12 06:01:29 - __main__ - INFO - <module>:24 - 트렌드 기업 정보 저장 완료: 자석 방풍 커튼: 295
2025-07-12 06:03:37 - __main__ - INFO - <module>:24 - 트렌드 기업 정보 저장 완료: 비닐: 296
2025-07-12 06:05:40 - __main__ - INFO - <module>:24 - 트렌드 기업 정보 저장 완료: 테이프: 297
2025-07-12 06:07:39 - __main__ - INFO - <module>:24 - 트렌드 기업 정보 저장 완료: 성인용품: 298
2025-07-12 06:09:49 - __main__ - INFO - <module>:24 - 트렌드 기업 정보 저장 완료: 안대: 299
2025-07-12 06:11:50 - __main__ - INFO - <module>:24 - 트렌드 기업 정보 저장 완료: 온도계: 300
2025-07-12 06:13:56 - __main__ - INFO - <module>:24 - 트렌드 기업 정보 저장 완료: 장바구니: 301
2025-07-12 06:15:59 - __main__ - INFO - <module>:24 - 트렌드 기업 정보 저장 완료: 발열 시트: 302
2025-07-12 06:18:01 - __main__ - INFO - <module>:24 - 트렌드 기업 정보 저장 완료: 여행 파우치: 303
2025-07-12 06:20:03 - __main__ - INFO - <module>:24 - 트렌드 기업 정보 저장 완료: 콘돔: 304
2025-07-12 06:22:04 - __main__ - INFO - <module>:24 - 트렌드 기업 정보 저장 완료: 핫팩: 305
2025-07-12 06:24:03 - __main__ - INFO - <module>:24 - 트렌드 기업 정보 저장 완료: 아이스팩: 306
2025-07-12 06:26:15 - __main__ - INFO - <module>:24 - 트렌드 기업 정보 저장 완료: 집게: 307
2025-07-12 06:28:17 - __main__ - INFO - <module>:24 - 트렌드 기업 정보 저장 완료: 캡/마개: 308
2025-07-12 06:30:21 - __main__ - INFO - <module>:24 - 트렌드 기업 정보 저장 완료: 깃발: 309
2025-07-12 06:32:25 - __main__ - INFO - <module>:24 - 트렌드 기업 정보 저장 완료: 방한용품: 310
2025-07-12 06:34:28 - __main__ - INFO - <module>:24 - 트렌드 기업 정보 저장 완료: 흡연용품: 311
2025-07-12 06:36:30 - __main__ - INFO - <module>:24 - 트렌드 기업 정보 저장 완료: 친환경 쇼핑백: 312
2025-07-12 06:38:30 - __main__ - INFO - <module>:24 - 트렌드 기업 정보 저장 완료: 반려동물용 워킹밴드: 313
2025-07-12 06:40:49 - __main__ - INFO - <module>:24 - 트렌드 기업 정보 저장 완료: 바람막이 류: 314
2025-07-12 06:42:58 - __main__ - INFO - <module>:24 - 트렌드 기업 정보 저장 완료: 방음슬리퍼: 315
2025-07-12 06:45:06 - __main__ - INFO - <module>:24 - 트렌드 기업 정보 저장 완료: 식물재배키트: 316
2025-07-12 06:47:10 - __main__ - INFO - <module>:24 - 트렌드 기업 정보 저장 완료: 포장용품: 317
2025-07-12 06:49:13 - __main__ - INFO - <module>:24 - 트렌드 기업 정보 저장 완료: 측정도구: 318
2025-07-12 06:51:25 - __main__ - INFO - <module>:24 - 트렌드 기업 정보 저장 완료: 카트: 319
2025-07-12 06:53:36 - __main__ - INFO - <module>:24 - 트렌드 기업 정보 저장 완료: 러브젤: 320
2025-07-12 06:55:40 - __main__ - INFO - <module>:24 - 트렌드 기업 정보 저장 완료: 디퓨저: 321
2025-07-12 06:57:41 - __main__ - INFO - <module>:24 - 트렌드 기업 정보 저장 완료: 방충제: 322
2025-07-12 06:59:45 - __main__ - INFO - <module>:24 - 트렌드 기업 정보 저장 완료: 방향제: 323
2025-07-12 07:01:49 - __main__ - INFO - <module>:24 - 트렌드 기업 정보 저장 완료: 세탁세제: 324
2025-07-12 07:03:49 - __main__ - INFO - <module>:24 - 트렌드 기업 정보 저장 완료: 섬유유연제: 325
2025-07-12 07:05:55 - __main__ - INFO - <module>:24 - 트렌드 기업 정보 저장 완료: 주방세제: 326
2025-07-12 07:07:56 - __main__ - INFO - <module>:24 - 트렌드 기업 정보 저장 완료: 청소세제: 327
2025-07-12 07:10:17 - __main__ - INFO - <module>:24 - 트렌드 기업 정보 저장 완료: 탈취제: 328
2025-07-12 07:12:35 - __main__ - INFO - <module>:24 - 트렌드 기업 정보 저장 완료: 세탁망: 329
2025-07-12 07:14:48 - __main__ - INFO - <module>:24 - 트렌드 기업 정보 저장 완료: 다목적 옷걸이: 330
2025-07-12 07:16:55 - __main__ - INFO - <module>:24 - 트렌드 기업 정보 저장 완료: 보풀 복원기: 331
2025-07-12 07:19:08 - __main__ - INFO - <module>:24 - 트렌드 기업 정보 저장 완료: 제습제: 332
2025-07-12 07:21:05 - __main__ - INFO - <module>:24 - 트렌드 기업 정보 저장 완료: 먼지제거기: 333
2025-07-12 07:23:13 - __main__ - INFO - <module>:24 - 트렌드 기업 정보 저장 완료: 밀대: 334
2025-07-12 07:25:22 - __main__ - INFO - <module>:24 - 트렌드 기업 정보 저장 완료: 분리수거함: 335
2025-07-12 07:27:30 - __main__ - INFO - <module>:24 - 트렌드 기업 정보 저장 완료: 빨래건조대: 336
2025-07-12 07:29:32 - __main__ - INFO - <module>:24 - 트렌드 기업 정보 저장 완료: 세탁 바구니: 337
2025-07-12 07:31:31 - __main__ - INFO - <module>:24 - 트렌드 기업 정보 저장 완료: 양치컵 자동 살균기: 338
2025-07-12 07:33:33 - __main__ - INFO - <module>:24 - 트렌드 기업 정보 저장 완료: 수납장: 339
2025-07-12 07:35:40 - __main__ - INFO - <module>:24 - 트렌드 기업 정보 저장 완료: 초소형 벽걸이 세탁기: 340
2025-07-12 07:37:44 - __main__ - INFO - <module>:24 - 트렌드 기업 정보 저장 완료: 배수구 필터: 341
2025-07-12 07:39:47 - __main__ - INFO - <module>:24 - 트렌드 기업 정보 저장 완료: 주방수납: 342
2025-07-12 07:41:59 - __main__ - INFO - <module>:24 - 트렌드 기업 정보 저장 완료: 행거: 343
2025-07-12 07:44:08 - __main__ - INFO - <module>:24 - 트렌드 기업 정보 저장 완료: 휴지통: 344
2025-07-12 07:46:08 - __main__ - INFO - <module>:24 - 트렌드 기업 정보 저장 완료: 클리너: 345
2025-07-12 07:48:22 - __main__ - INFO - <module>:24 - 트렌드 기업 정보 저장 완료: 청소포: 346
2025-07-12 07:50:29 - __main__ - INFO - <module>:24 - 트렌드 기업 정보 저장 완료: 자동 물걸레 세척기: 347
2025-07-12 07:52:34 - __main__ - INFO - <module>:24 - 트렌드 기업 정보 저장 완료: 서랍장: 348
2025-07-12 07:54:46 - __main__ - INFO - <module>:24 - 트렌드 기업 정보 저장 완료: 우산꽂이: 349
2025-07-12 07:56:52 - __main__ - INFO - <module>:24 - 트렌드 기업 정보 저장 완료: 잡화: 350
2025-07-12 07:58:57 - __main__ - INFO - <module>:24 - 트렌드 기업 정보 저장 완료: 옷걸이: 351
2025-07-12 08:01:15 - __main__ - INFO - <module>:24 - 트렌드 기업 정보 저장 완료: 목장갑: 352
2025-07-12 08:03:16 - __main__ - INFO - <module>:24 - 트렌드 기업 정보 저장 완료: 방범장치: 353
2025-07-12 08:05:18 - __main__ - INFO - <module>:24 - 트렌드 기업 정보 저장 완료: 스마트헬멧: 354
2025-07-12 08:07:23 - __main__ - INFO - <module>:24 - 트렌드 기업 정보 저장 완료: 소화기: 355
2025-07-12 08:09:47 - __main__ - INFO - <module>:24 - 트렌드 기업 정보 저장 완료: LED 경고팔찌: 356
2025-07-12 08:11:50 - __main__ - INFO - <module>:24 - 트렌드 기업 정보 저장 완료: 안전용품: 357
2025-07-12 08:14:09 - __main__ - INFO - <module>:24 - 트렌드 기업 정보 저장 완료: 구급차 추적 서비스: 358
2025-07-12 08:16:23 - __main__ - INFO - <module>:24 - 트렌드 기업 정보 저장 완료: 스마트 산소 모니터: 359
2025-07-12 08:18:23 - __main__ - INFO - <module>:24 - 트렌드 기업 정보 저장 완료: 호신용품: 360
2025-07-12 08:20:30 - __main__ - INFO - <module>:24 - 트렌드 기업 정보 저장 완료: 안전장갑: 361
2025-07-12 08:22:36 - __main__ - INFO - <module>:24 - 트렌드 기업 정보 저장 완료: 잠금장치: 362
2025-07-12 08:24:40 - __main__ - INFO - <module>:24 - 트렌드 기업 정보 저장 완료: 화재경보기: 363
2025-07-12 08:26:39 - __main__ - INFO - <module>:24 - 트렌드 기업 정보 저장 완료: 절연테이프: 364
2025-07-12 08:28:48 - __main__ - INFO - <module>:24 - 트렌드 기업 정보 저장 완료: 경고등: 365
2025-07-12 08:30:52 - __main__ - INFO - <module>:24 - 트렌드 기업 정보 저장 완료: 안전벨트: 366
2025-07-12 08:32:58 - __main__ - INFO - <module>:24 - 트렌드 기업 정보 저장 완료: 각티슈: 367
2025-07-12 08:35:05 - __main__ - INFO - <module>:24 - 트렌드 기업 정보 저장 완료: 목욕용품: 368
2025-07-12 08:37:08 - __main__ - INFO - <module>:24 - 트렌드 기업 정보 저장 완료: 물티슈: 369
2025-07-12 08:39:06 - __main__ - INFO - <module>:24 - 트렌드 기업 정보 저장 완료: 자동 물티슈 디스펜서: 370
2025-07-12 08:41:15 - __main__ - INFO - <module>:24 - 트렌드 기업 정보 저장 완료: 샤워기 헤드: 371
2025-07-12 08:43:21 - __main__ - INFO - <module>:24 - 트렌드 기업 정보 저장 완료: 세면대: 372
2025-07-12 08:45:24 - __main__ - INFO - <module>:24 - 트렌드 기업 정보 저장 완료: 수건: 373
2025-07-12 08:47:31 - __main__ - INFO - <module>:24 - 트렌드 기업 정보 저장 완료: 탈취패드: 374
2025-07-12 08:49:41 - __main__ - INFO - <module>:24 - 트렌드 기업 정보 저장 완료: 욕실매트: 375
2025-07-12 08:51:45 - __main__ - INFO - <module>:24 - 트렌드 기업 정보 저장 완료: 타일보수제: 376
2025-07-12 08:53:47 - __main__ - INFO - <module>:24 - 트렌드 기업 정보 저장 완료: 칫솔꽂이: 377
2025-07-12 08:55:56 - __main__ - INFO - <module>:24 - 트렌드 기업 정보 저장 완료: 욕실선반: 378
2025-07-12 08:57:57 - __main__ - INFO - <module>:24 - 트렌드 기업 정보 저장 완료: 세정로봇: 379
2025-07-12 08:59:58 - __main__ - INFO - <module>:24 - 트렌드 기업 정보 저장 완료: 욕실화: 380
2025-07-12 09:02:01 - __main__ - INFO - <module>:24 - 트렌드 기업 정보 저장 완료: 욕조: 381
2025-07-12 09:04:06 - __main__ - INFO - <module>:24 - 트렌드 기업 정보 저장 완료: 욕실의자: 382
2025-07-12 09:06:11 - __main__ - INFO - <module>:24 - 트렌드 기업 정보 저장 완료: 샤워커튼: 383
2025-07-12 09:08:16 - __main__ - INFO - <module>:24 - 트렌드 기업 정보 저장 완료: 화장지: 384
2025-07-12 09:10:17 - __main__ - INFO - <module>:24 - 트렌드 기업 정보 저장 완료: 여행 예약 서비스업: 385
2025-07-12 09:12:27 - __main__ - INFO - <module>:24 - 트렌드 기업 정보 저장 완료: 손 세정기: 386
2025-07-12 09:14:31 - __main__ - INFO - <module>:24 - 트렌드 기업 정보 저장 완료: 비데용품: 387
2025-07-12 09:16:31 - __main__ - INFO - <module>:24 - 트렌드 기업 정보 저장 완료: 청소키트 구독 서비스: 388
2025-07-12 09:18:38 - __main__ - INFO - <module>:24 - 트렌드 기업 정보 저장 완료: 샤워기 필터: 389
2025-07-12 09:20:48 - __main__ - INFO - <module>:24 - 트렌드 기업 정보 저장 완료: 호스: 390
2025-07-12 09:22:59 - __main__ - INFO - <module>:24 - 트렌드 기업 정보 저장 완료: 타월: 391
2025-07-12 09:25:09 - __main__ - INFO - <module>:24 - 트렌드 기업 정보 저장 완료: 욕실발판: 392
2025-07-12 09:27:16 - __main__ - INFO - <module>:24 - 트렌드 기업 정보 저장 완료: 비누받이: 393
2025-07-12 09:29:20 - __main__ - INFO - <module>:24 - 트렌드 기업 정보 저장 완료: 욕실소품: 394
2025-07-12 09:31:29 - __main__ - INFO - <module>:24 - 트렌드 기업 정보 저장 완료: 혀클리너: 395
2025-07-12 09:33:33 - __main__ - INFO - <module>:24 - 트렌드 기업 정보 저장 완료: 구강청결제: 396
2025-07-12 09:35:35 - __main__ - INFO - <module>:24 - 트렌드 기업 정보 저장 완료: 면도기: 397
2025-07-12 09:37:44 - __main__ - INFO - <module>:24 - 트렌드 기업 정보 저장 완료: 면도크림, 젤: 398
2025-07-12 09:39:52 - __main__ - INFO - <module>:24 - 트렌드 기업 정보 저장 완료: 생리대: 399
2025-07-12 09:42:01 - __main__ - INFO - <module>:24 - 트렌드 기업 정보 저장 완료: 성인기저귀: 400
2025-07-12 09:44:06 - __main__ - INFO - <module>:24 - 트렌드 기업 정보 저장 완료: 여성청결제: 401
2025-07-12 09:46:16 - __main__ - INFO - <module>:24 - 트렌드 기업 정보 저장 완료: 칫솔: 402
2025-07-12 09:48:27 - __main__ - INFO - <module>:24 - 트렌드 기업 정보 저장 완료: 치약: 403
2025-07-12 09:50:35 - __main__ - INFO - <module>:24 - 트렌드 기업 정보 저장 완료: 면도 날: 404
2025-07-12 09:52:38 - __main__ - INFO - <module>:24 - 트렌드 기업 정보 저장 완료: 치실: 405
2025-07-12 09:54:41 - __main__ - INFO - <module>:24 - 트렌드 기업 정보 저장 완료: 치약꽂이 : 406
2025-07-12 09:56:46 - __main__ - INFO - <module>:24 - 트렌드 기업 정보 저장 완료: 치아미백제: 407
2025-07-12 09:58:47 - __main__ - INFO - <module>:24 - 트렌드 기업 정보 저장 완료: 과외 서비스: 408
2025-07-12 10:00:47 - __main__ - INFO - <module>:24 - 트렌드 기업 정보 저장 완료: 입시학원: 409
2025-07-12 10:02:48 - __main__ - INFO - <module>:24 - 트렌드 기업 정보 저장 완료: 어린이집: 410
2025-07-12 10:04:56 - __main__ - INFO - <module>:24 - 트렌드 기업 정보 저장 완료: 외국어학원: 411
2025-07-12 10:07:04 - __main__ - INFO - <module>:24 - 트렌드 기업 정보 저장 완료: 미술학원: 412
2025-07-12 10:09:18 - __main__ - INFO - <module>:24 - 트렌드 기업 정보 저장 완료: 자격증 교육: 413
2025-07-12 10:11:20 - __main__ - INFO - <module>:24 - 트렌드 기업 정보 저장 완료: 취미 교육: 414
2025-07-12 10:13:19 - __main__ - INFO - <module>:24 - 트렌드 기업 정보 저장 완료: 요가, 필라테스학원: 415
2025-07-12 10:15:27 - __main__ - INFO - <module>:24 - 트렌드 기업 정보 저장 완료: 태권도학원: 416
2025-07-12 10:17:28 - __main__ - INFO - <module>:24 - 트렌드 기업 정보 저장 완료: 운전학원: 417
2025-07-12 10:19:41 - __main__ - INFO - <module>:24 - 트렌드 기업 정보 저장 완료: 유치원: 418
2025-07-12 10:21:44 - __main__ - INFO - <module>:24 - 트렌드 기업 정보 저장 완료: 음악학원: 419
2025-07-12 10:23:53 - __main__ - INFO - <module>:24 - 트렌드 기업 정보 저장 완료: 재무 교육: 420
2025-07-12 10:25:58 - __main__ - INFO - <module>:24 - 트렌드 기업 정보 저장 완료: 음악(악기, 노래)교육: 421
2025-07-12 10:28:14 - __main__ - INFO - <module>:24 - 트렌드 기업 정보 저장 완료: 체육(운동)학원: 422
2025-07-12 10:30:16 - __main__ - INFO - <module>:24 - 트렌드 기업 정보 저장 완료: 상조서비스: 423
2025-07-12 10:32:19 - __main__ - INFO - <module>:24 - 트렌드 기업 정보 저장 완료: 장례식장: 424
2025-07-12 10:34:17 - __main__ - INFO - <module>:24 - 트렌드 기업 정보 저장 완료: 장의용품: 425
2025-07-12 10:36:14 - __main__ - INFO - <module>:24 - 트렌드 기업 정보 저장 완료: 배달대행 서비스: 426
2025-07-12 10:38:17 - __main__ - INFO - <module>:24 - 트렌드 기업 정보 저장 완료: 방문 판매업: 427
