2025-07-31 09:55:18 - __main__ - INFO - <module>:217 - 키워드 정보 저장 완료: 스마트 허브: 1
2025-07-31 09:57:21 - __main__ - ERROR - <module>:31 - [Errno 2] No such file or directory: 'item_info_trend.xlsx'
2025-07-31 09:57:48 - __main__ - INFO - <module>:19 - 1:스마트 허브트렌드 기업 정보 조회 시작
2025-07-31 09:58:15 - __main__ - INFO - <module>:27 - 트렌드 기업 정보 저장 완료: 스마트 허브: 1
2025-07-31 09:58:25 - __main__ - INFO - <module>:19 - 2:공유기트렌드 기업 정보 조회 시작
2025-07-31 09:59:14 - __main__ - INFO - <module>:27 - 트렌드 기업 정보 저장 완료: 공유기: 2
2025-07-31 09:59:24 - __main__ - INFO - <module>:19 - 3:노트북트렌드 기업 정보 조회 시작
2025-07-31 10:00:08 - __main__ - INFO - <module>:27 - 트렌드 기업 정보 저장 완료: 노트북: 3
2025-07-31 10:00:18 - __main__ - INFO - <module>:19 - 4:마우스트렌드 기업 정보 조회 시작
2025-07-31 10:00:53 - __main__ - INFO - <module>:27 - 트렌드 기업 정보 저장 완료: 마우스: 4
2025-07-31 10:01:03 - __main__ - INFO - <module>:19 - 5:일반 모니터트렌드 기업 정보 조회 시작
2025-07-31 10:01:32 - __main__ - INFO - <module>:27 - 트렌드 기업 정보 저장 완료: 일반 모니터: 5
2025-07-31 10:01:42 - __main__ - INFO - <module>:19 - 6:소프트웨어트렌드 기업 정보 조회 시작
2025-07-31 10:02:24 - __main__ - INFO - <module>:27 - 트렌드 기업 정보 저장 완료: 소프트웨어: 6
2025-07-31 10:02:34 - __main__ - INFO - <module>:19 - 7:노트북 쿨러거치대트렌드 기업 정보 조회 시작
2025-07-31 10:03:23 - __main__ - INFO - <module>:27 - 트렌드 기업 정보 저장 완료: 노트북 쿨러거치대: 7
2025-07-31 10:03:33 - __main__ - INFO - <module>:19 - 8:웹캠트렌드 기업 정보 조회 시작
2025-07-31 10:04:22 - __main__ - INFO - <module>:27 - 트렌드 기업 정보 저장 완료: 웹캠: 8
2025-07-31 10:04:32 - __main__ - INFO - <module>:19 - 9:외장하드트렌드 기업 정보 조회 시작
2025-07-31 10:05:23 - __main__ - INFO - <module>:27 - 트렌드 기업 정보 저장 완료: 외장하드: 9
2025-07-31 10:05:33 - __main__ - INFO - <module>:19 - 10:이북리더기트렌드 기업 정보 조회 시작
2025-07-31 10:06:11 - __main__ - INFO - <module>:27 - 트렌드 기업 정보 저장 완료: 이북리더기: 10
2025-07-31 10:06:21 - __main__ - INFO - <module>:19 - 11:조립PC트렌드 기업 정보 조회 시작
2025-07-31 10:07:27 - __main__ - INFO - <module>:27 - 트렌드 기업 정보 저장 완료: 조립PC: 11
2025-07-31 10:07:37 - __main__ - INFO - <module>:19 - 12:키보드트렌드 기업 정보 조회 시작
2025-07-31 10:08:35 - __main__ - INFO - <module>:27 - 트렌드 기업 정보 저장 완료: 키보드: 12
2025-07-31 10:08:45 - __main__ - INFO - <module>:19 - 13:프린터트렌드 기업 정보 조회 시작
2025-07-31 10:09:39 - __main__ - INFO - <module>:27 - 트렌드 기업 정보 저장 완료: 프린터: 13
2025-07-31 10:09:49 - __main__ - INFO - <module>:19 - 14:마이크트렌드 기업 정보 조회 시작
2025-07-31 10:10:38 - __main__ - INFO - <module>:27 - 트렌드 기업 정보 저장 완료: 마이크: 14
2025-07-31 10:10:48 - __main__ - INFO - <module>:19 - 15:헤드셋트렌드 기업 정보 조회 시작
2025-07-31 10:11:40 - __main__ - INFO - <module>:27 - 트렌드 기업 정보 저장 완료: 헤드셋: 15
2025-07-31 10:11:50 - __main__ - INFO - <module>:19 - 16:케이블트렌드 기업 정보 조회 시작
2025-07-31 10:12:31 - __main__ - INFO - <module>:27 - 트렌드 기업 정보 저장 완료: 케이블: 16
2025-07-31 10:32:39 - __main__ - INFO - <module>:19 - 1:스마트 허브트렌드 기업 정보 조회 시작
2025-07-31 10:33:16 - __main__ - INFO - <module>:27 - 트렌드 기업 정보 저장 완료: 스마트 허브: 1
2025-07-31 10:33:26 - __main__ - INFO - <module>:19 - 2:공유기트렌드 기업 정보 조회 시작
2025-07-31 10:34:10 - __main__ - INFO - <module>:27 - 트렌드 기업 정보 저장 완료: 공유기: 2
2025-07-31 10:34:20 - __main__ - INFO - <module>:19 - 3:노트북트렌드 기업 정보 조회 시작
2025-07-31 10:34:56 - __main__ - INFO - <module>:27 - 트렌드 기업 정보 저장 완료: 노트북: 3
2025-07-31 10:35:06 - __main__ - INFO - <module>:19 - 4:마우스트렌드 기업 정보 조회 시작
2025-07-31 10:35:39 - __main__ - INFO - <module>:27 - 트렌드 기업 정보 저장 완료: 마우스: 4
2025-07-31 10:35:49 - __main__ - INFO - <module>:19 - 5:일반 모니터트렌드 기업 정보 조회 시작
2025-07-31 10:36:29 - __main__ - INFO - <module>:27 - 트렌드 기업 정보 저장 완료: 일반 모니터: 5
2025-07-31 10:36:39 - __main__ - INFO - <module>:19 - 6:소프트웨어트렌드 기업 정보 조회 시작
2025-07-31 10:37:44 - __main__ - INFO - <module>:27 - 트렌드 기업 정보 저장 완료: 소프트웨어: 6
2025-07-31 10:37:54 - __main__ - INFO - <module>:19 - 7:노트북 쿨러거치대트렌드 기업 정보 조회 시작
2025-07-31 10:38:48 - __main__ - INFO - <module>:27 - 트렌드 기업 정보 저장 완료: 노트북 쿨러거치대: 7
2025-07-31 10:38:58 - __main__ - INFO - <module>:19 - 8:웹캠트렌드 기업 정보 조회 시작
2025-07-31 10:39:24 - __main__ - INFO - <module>:27 - 트렌드 기업 정보 저장 완료: 웹캠: 8
2025-07-31 10:39:34 - __main__ - INFO - <module>:19 - 9:외장하드트렌드 기업 정보 조회 시작
2025-07-31 10:40:19 - __main__ - INFO - <module>:27 - 트렌드 기업 정보 저장 완료: 외장하드: 9
2025-07-31 10:40:29 - __main__ - INFO - <module>:19 - 10:이북리더기트렌드 기업 정보 조회 시작
2025-07-31 10:41:12 - __main__ - INFO - <module>:27 - 트렌드 기업 정보 저장 완료: 이북리더기: 10
2025-07-31 10:41:22 - __main__ - INFO - <module>:19 - 11:조립PC트렌드 기업 정보 조회 시작
